#
# A fatal error has been detected by the Java Runtime Environment:
#
#  SIGSEGV (0xb) at pc=0x00007fff351d7f01, pid=57892, tid=0x0000000000000307
#
# JRE version: Java(TM) SE Runtime Environment (8.0_161-b12) (build 1.8.0_161-b12)
# Java VM: Java HotSpot(TM) 64-Bit Server VM (25.161-b12 mixed mode bsd-amd64 compressed oops)
# Problematic frame:
# C  [JavaNativeFoundation+0x6f01]  -[JNFWeakJObjectWrapper _getWithEnv:]+0x15
#
# Failed to write core dump. Core dumps have been disabled. To enable core dumping, try "ulimit -c unlimited" before starting Java again
#
# If you would like to submit a bug report, please visit:
#   http://bugreport.java.com/bugreport/crash.jsp
#

---------------  T H R E A D  ---------------

Current thread is native thread

siginfo: si_signo: 11 (SIGSEGV), si_code: 1 (SEGV_MAPERR), si_addr: 0x00000000000000c0

Registers:
RAX=0x0000000000000000, RBX=0x00007fad50ced7d0, RCX=0x000000011aed6dc0, RDX=0x0000000000000000
RSP=0x00007ffee1907df0, RBP=0x00007ffee1907e00, RSI=0x00007fad579c11c0, RDI=0x00007fad521549f8
R8 =0x0000000000000000, R9 =0x000000000000020c, R10=0x00007fff8a073250, R11=0x00007fff351d7eec
R12=0x00007fad521549f8, R13=0x00007fad578513e0, R14=0x00007fad51d34000, R15=0x00007fad578513e0
RIP=0x00007fff351d7f01, EFLAGS=0x0000000000010246, ERR=0x0000000000000004
  TRAPNO=0x000000000000000e

Top of Stack: (sp=0x00007ffee1907df0)
0x00007ffee1907df0:   00007fad50ced700 00007fad521549f8
0x00007ffee1907e00:   00007ffee1907e20 00007fff351d7d4c
0x00007ffee1907e10:   00007fad50ced700 00007fad50ef7790
0x00007ffee1907e20:   00007ffee1907e80 000000013378de73
0x00007ffee1907e30:   00007fad51d34000 0000000000000000
0x00007ffee1907e40:   411b596997d51557 00007fad53702580
0x00007ffee1907e50:   00007ffee1907e80 00007fff66b18040
0x00007ffee1907e60:   00007fad57876200 00007fad578513e0
0x00007ffee1907e70:   00007fad578513e0 00007fad53702580
0x00007ffee1907e80:   00007ffee1907f40 00007fff3c29b365
0x00007ffee1907e90:   00007fad578513e0 0000000000000000
0x00007ffee1907ea0:   0000000000000000 00007fad578513e0
0x00007ffee1907eb0:   0000000000000000 0000000400000000
0x00007ffee1907ec0:   00007fad50e465b0 0000000000000000
0x00007ffee1907ed0:   411b596997d51557 00007fad578513e0
0x00007ffee1907ee0:   0000000000000004 0000000000000000
0x00007ffee1907ef0:   0000000000000000 00007ffee1907f18
0x00007ffee1907f00:   00007ffee1907f40 00007fff3c29ab72
0x00007ffee1907f10:   8d3534bc556600b6 00007fff66b18040
0x00007ffee1907f20:   0000000000000004 0000000000000000
0x00007ffee1907f30:   00007fad578513e0 00007fff71e1c2d2
0x00007ffee1907f40:   00007ffee1907fc0 00007fff3c29a950
0x00007ffee1907f50:   0000000000000000 4062200000000000
0x00007ffee1907f60:   4070600000000000 4000000000000000
0x00007ffee1907f70:   0000000000000000 0000000000000000
0x00007ffee1907f80:   4070600000000000 4062200000000000
0x00007ffee1907f90:   8d3534bc556600b6 00007ffee19080a0
0x00007ffee1907fa0:   00007fff71f34fd2 00007fad53703000
0x00007ffee1907fb0:   00007ffee1907fd0 00007fad52174800
0x00007ffee1907fc0:   00007ffee19090a0 00007fff3c206ea5
0x00007ffee1907fd0:   0000000000000008 00007fff3c206db0
0x00007ffee1907fe0:   00000001103ae380 00007fff3c467112 

Instructions: (pc=0x00007fff351d7f01)
0x00007fff351d7ee1:   89 c7 5b 41 5e 5d e9 40 05 00 00 55 48 89 e5 53
0x00007fff351d7ef1:   50 48 89 fb 48 8b 02 48 8b 77 08 48 89 d7 31 d2
0x00007fff351d7f01:   ff 90 c0 00 00 00 3c 01 75 0c 48 c7 43 08 00 00
0x00007fff351d7f11:   00 00 31 c0 eb 04 48 8b 43 08 48 83 c4 08 5b 5d 

Register to memory mapping:

RAX=0x0000000000000000 is an unknown value
RBX=0x00007fad50ced7d0 is an unknown value
RCX=0x000000011aed6dc0 is an unknown value
RDX=0x0000000000000000 is an unknown value
RSP=0x00007ffee1907df0 is an unknown value
RBP=0x00007ffee1907e00 is an unknown value
RSI=0x00007fad579c11c0 is a weak global jni handle
RDI=0x00007fad521549f8 is an unknown value
R8 =0x0000000000000000 is an unknown value
R9 =0x000000000000020c is an unknown value
R10=0x00007fff8a073250: OBJC_CLASS_$_JNFWeakJObjectWrapper+0 in /System/Library/Frameworks/JavaVM.framework/Versions/A/Frameworks/JavaNativeFoundation.framework/Versions/A/JavaNativeFoundation at 0x00007fff351d1000
R11=0x00007fff351d7eec: -[JNFWeakJObjectWrapper _getWithEnv:]+0 in /System/Library/Frameworks/JavaVM.framework/Versions/A/Frameworks/JavaNativeFoundation.framework/Versions/A/JavaNativeFoundation at 0x00007fff351d1000
R12=0x00007fad521549f8 is an unknown value
R13=0x00007fad578513e0 is an unknown value
R14=0x00007fad51d34000 is an unknown value
R15=0x00007fad578513e0 is an unknown value


Stack: [0x00007ffee110c000,0x00007ffee190c000],  sp=0x00007ffee1907df0,  free space=8175k
Native frames: (J=compiled Java code, j=interpreted, Vv=VM code, C=native code)
C  [JavaNativeFoundation+0x6f01]  -[JNFWeakJObjectWrapper _getWithEnv:]+0x15
C  [JavaNativeFoundation+0x6d4c]  -[JNFJObjectWrapper jObjectWithEnv:]+0x16
C  [libawt_lwawt.dylib+0x1ae73]  -[CGLLayer drawInCGLContext:pixelFormat:forLayerTime:displayTime:]+0xa4
C  [QuartzCore+0xa8365]  CAOpenGLLayerDraw(CAOpenGLLayer*, double, CVTimeStamp const*, unsigned int)+0x7ba
C  [QuartzCore+0xa7950]  -[CAOpenGLLayer _display]+0x244
C  [QuartzCore+0x13ea5]  CA::Layer::display_if_needed(CA::Transaction*)+0x2e3
C  [QuartzCore+0x138406]  CA::Context::commit_transaction(CA::Transaction*, double)+0x14e
C  [QuartzCore+0x275e]  CA::Transaction::commit()+0x27e
C  [QuartzCore+0x2432]  CA::Transaction::observer_callback(__CFRunLoopObserver*, unsigned long, void*)+0x42
C  [CoreFoundation+0x9766e]  __CFRUNLOOP_IS_CALLING_OUT_TO_AN_OBSERVER_CALLBACK_FUNCTION__+0x17
C  [CoreFoundation+0x97594]  __CFRunLoopDoObservers+0x1c9
C  [CoreFoundation+0x3a852]  __CFRunLoopRun+0x5ea
C  [CoreFoundation+0x39fe3]  CFRunLoopRunSpecific+0x1f3
C  [java+0x647a]  CreateExecutionEnvironment+0x367
C  [java+0x212c]  JLI_Launch+0x7a0
C  [java+0x84d7]  main+0x65
C  [java+0x1984]  start+0x34


---------------  P R O C E S S  ---------------

VM state:not at safepoint (normal execution)

VM Mutex/Monitor currently owned by a thread: None

Heap:
 PSYoungGen      total 76288K, used 57942K [0x000000076ab00000, 0x0000000770000000, 0x00000007c0000000)
  eden space 65536K, 88% used [0x000000076ab00000,0x000000076e395a08,0x000000076eb00000)
  from space 10752K, 0% used [0x000000076f580000,0x000000076f580000,0x0000000770000000)
  to   space 10752K, 0% used [0x000000076eb00000,0x000000076eb00000,0x000000076f580000)
 ParOldGen       total 175104K, used 0K [0x00000006c0000000, 0x00000006cab00000, 0x000000076ab00000)
  object space 175104K, 0% used [0x00000006c0000000,0x00000006c0000000,0x00000006cab00000)
 Metaspace       used 19334K, capacity 20090K, committed 20224K, reserved 1067008K
  class space    used 2567K, capacity 2778K, committed 2816K, reserved 1048576K

Card table byte_map: [0x00000001107ae000,0x0000000110faf000] byte_map_base: 0x000000010d1ae000

Marking Bits: (ParMarkBitMap*) 0x000000010fcf76c0
 Begin Bits: [0x0000000111505000, 0x0000000115505000)
 End Bits:   [0x0000000115505000, 0x0000000119505000)

Polling page: 0x000000010e367000

CodeCache: size=245760Kb used=6249Kb max_used=6249Kb free=239510Kb
 bounds [0x000000011af11000, 0x000000011b531000, 0x0000000129f11000]
 total_blobs=2746 nmethods=1932 adapters=734
 compilation: enabled

Compilation events (10 events):
Event: 24.790 Thread 0x00007fad5103c000 2053       3       javax.swing.AbstractButton::getMargin (22 bytes)
Event: 24.790 Thread 0x00007fad5103c000 nmethod 2053 0x000000011b52be10 code [0x000000011b52bfc0, 0x000000011b52c478]
Event: 24.791 Thread 0x00007fad5103c000 2054       3       java.util.LinkedHashMap::newNode (23 bytes)
Event: 24.792 Thread 0x00007fad5103c000 nmethod 2054 0x000000011b52c690 code [0x000000011b52c820, 0x000000011b52cc70]
Event: 24.792 Thread 0x00007fad5103c000 2055       3       java.util.LinkedHashMap::linkNodeLast (33 bytes)
Event: 24.792 Thread 0x00007fad5103c000 nmethod 2055 0x000000011b52ced0 code [0x000000011b52d040, 0x000000011b52d270]
Event: 24.844 Thread 0x00007fad5103c000 2057       3       sun.java2d.pipe.PixelToParallelogramConverter::fillRect (26 bytes)
Event: 24.845 Thread 0x00007fad5103c000 nmethod 2057 0x000000011b52d6d0 code [0x000000011b52d840, 0x000000011b52db08]
Event: 24.845 Thread 0x00007fad5103c000 2058       3       sun.java2d.pipe.PixelToParallelogramConverter::fillRectangle (236 bytes)
Event: 24.846 Thread 0x00007fad5103c000 nmethod 2058 0x000000011b52dbd0 code [0x000000011b52df20, 0x000000011b52f308]

GC Heap History (0 events):
No events

Deoptimization events (10 events):
Event: 1.748 Thread 0x00007fad52154800 Uncommon trap: reason=class_check action=maybe_recompile pc=0x000000011b027724 method=java.lang.String.equals(Ljava/lang/Object;)Z @ 8
Event: 1.750 Thread 0x00007fad52154800 Uncommon trap: reason=class_check action=maybe_recompile pc=0x000000011b027724 method=java.lang.String.equals(Ljava/lang/Object;)Z @ 8
Event: 1.948 Thread 0x00007fad52154800 Uncommon trap: reason=unstable_if action=reinterpret pc=0x000000011b158820 method=java.lang.CharacterData.of(I)Ljava/lang/CharacterData; @ 4
Event: 2.095 Thread 0x00007fad518d4000 Uncommon trap: reason=unstable_if action=reinterpret pc=0x000000011b1984f8 method=sun.net.www.ParseUtil.encodePath(Ljava/lang/String;Z)Ljava/lang/String; @ 109
Event: 3.837 Thread 0x00007fad52154800 Uncommon trap: reason=unstable_if action=reinterpret pc=0x000000011b24637c method=jdk.internal.org.objectweb.asm.Type.getArgumentsAndReturnSizes(Ljava/lang/String;)I @ 47
Event: 3.954 Thread 0x00007fad52154800 Uncommon trap: reason=range_check action=make_not_entrant pc=0x000000011b179bc4 method=java.util.ArrayList.elementData(I)Ljava/lang/Object; @ 5
Event: 3.971 Thread 0x00007fad52154800 Uncommon trap: reason=range_check action=make_not_entrant pc=0x000000011b1e0b34 method=java.util.ArrayList.elementData(I)Ljava/lang/Object; @ 5
Event: 8.460 Thread 0x00007fad5194f800 Uncommon trap: reason=unstable_if action=reinterpret pc=0x000000011b11007c method=java.lang.String.startsWith(Ljava/lang/String;I)Z @ 25
Event: 8.462 Thread 0x00007fad5194f800 Uncommon trap: reason=unstable_if action=reinterpret pc=0x000000011b2c30fc method=java.lang.AbstractStringBuilder.append(Ljava/lang/String;)Ljava/lang/AbstractStringBuilder; @ 1
Event: 8.463 Thread 0x00007fad5194f800 Uncommon trap: reason=unstable_if action=reinterpret pc=0x000000011b13c148 method=java.lang.AbstractStringBuilder.append(Ljava/lang/String;)Ljava/lang/AbstractStringBuilder; @ 1

Classes redefined (0 events):
No events

Internal exceptions (10 events):
Event: 24.253 Thread 0x00007fad52154800 Exception <a 'java/lang/ArrayIndexOutOfBoundsException'> (0x000000076cf004a8) thrown at [/Users/java_re/workspace/8-2-build-macosx-x86_64/jdk8u161/10277/hotspot/src/share/vm/prims/jvm.cpp, line 1394]
Event: 24.261 Thread 0x00007fad52154800 Exception <a 'java/lang/ArrayIndexOutOfBoundsException'> (0x000000076cf004a8) thrown at [/Users/java_re/workspace/8-2-build-macosx-x86_64/jdk8u161/10277/hotspot/src/share/vm/prims/jvm.cpp, line 1394]
Event: 24.269 Thread 0x00007fad52154800 Exception <a 'java/lang/ArrayIndexOutOfBoundsException'> (0x000000076cf004a8) thrown at [/Users/java_re/workspace/8-2-build-macosx-x86_64/jdk8u161/10277/hotspot/src/share/vm/prims/jvm.cpp, line 1394]
Event: 24.277 Thread 0x00007fad52154800 Exception <a 'java/lang/ArrayIndexOutOfBoundsException'> (0x000000076cf004a8) thrown at [/Users/java_re/workspace/8-2-build-macosx-x86_64/jdk8u161/10277/hotspot/src/share/vm/prims/jvm.cpp, line 1394]
Event: 24.285 Thread 0x00007fad52154800 Exception <a 'java/lang/ArrayIndexOutOfBoundsException'> (0x000000076cf004a8) thrown at [/Users/java_re/workspace/8-2-build-macosx-x86_64/jdk8u161/10277/hotspot/src/share/vm/prims/jvm.cpp, line 1394]
Event: 24.293 Thread 0x00007fad52154800 Exception <a 'java/lang/ArrayIndexOutOfBoundsException'> (0x000000076cf004a8) thrown at [/Users/java_re/workspace/8-2-build-macosx-x86_64/jdk8u161/10277/hotspot/src/share/vm/prims/jvm.cpp, line 1394]
Event: 24.301 Thread 0x00007fad52154800 Exception <a 'java/lang/ArrayIndexOutOfBoundsException'> (0x000000076cf004a8) thrown at [/Users/java_re/workspace/8-2-build-macosx-x86_64/jdk8u161/10277/hotspot/src/share/vm/prims/jvm.cpp, line 1394]
Event: 24.308 Thread 0x00007fad52154800 Exception <a 'java/lang/ArrayIndexOutOfBoundsException'> (0x000000076cf004a8) thrown at [/Users/java_re/workspace/8-2-build-macosx-x86_64/jdk8u161/10277/hotspot/src/share/vm/prims/jvm.cpp, line 1394]
Event: 24.316 Thread 0x00007fad52154800 Exception <a 'java/lang/ArrayIndexOutOfBoundsException'> (0x000000076cf004a8) thrown at [/Users/java_re/workspace/8-2-build-macosx-x86_64/jdk8u161/10277/hotspot/src/share/vm/prims/jvm.cpp, line 1394]
Event: 24.325 Thread 0x00007fad52154800 Exception <a 'java/lang/ArrayIndexOutOfBoundsException'> (0x000000076cf004a8) thrown at [/Users/java_re/workspace/8-2-build-macosx-x86_64/jdk8u161/10277/hotspot/src/share/vm/prims/jvm.cpp, line 1394]

Events (10 events):
Event: 24.798 loading class com/sun/javafx/tk/quantum/QuantumRenderer done
Event: 24.799 loading class com/sun/javafx/tk/quantum/QuantumToolkit
Event: 24.799 loading class com/sun/javafx/tk/quantum/QuantumToolkit done
Event: 24.799 Thread 0x00007fad518d4000 DEOPT PACKING pc=0x000000011b49d8f4 sp=0x0000700009925680
Event: 24.799 Thread 0x00007fad518d4000 DEOPT UNPACKING pc=0x000000011af58784 sp=0x00007000099253f8 mode 1
Event: 24.799 Thread 0x00007fad518d4000 Thread exited: 0x00007fad518d4000
Event: 24.799 Thread 0x00007fad510a9000 Thread exited: 0x00007fad510a9000
Event: 24.799 Thread 0x00007fad5100a000 Thread exited: 0x00007fad5100a000
Event: 24.799 Thread 0x00007fad53801000 Thread added: 0x00007fad53801000
Event: 24.800 Thread 0x00007fad52154800 Thread exited: 0x00007fad52154800


Dynamic libraries:
0x0000000004e93000 	/System/Library/Frameworks/Cocoa.framework/Versions/A/Cocoa
0x0000000004e93000 	/System/Library/Frameworks/Security.framework/Versions/A/Security
0x0000000004e93000 	/System/Library/Frameworks/ApplicationServices.framework/Versions/A/ApplicationServices
0x0000000004e93000 	/usr/lib/libz.1.dylib
0x0000000004e93000 	/usr/lib/libSystem.B.dylib
0x0000000004e93000 	/usr/lib/libobjc.A.dylib
0x0000000004e93000 	/System/Library/Frameworks/CoreFoundation.framework/Versions/A/CoreFoundation
0x0000000004e93000 	/System/Library/Frameworks/Foundation.framework/Versions/C/Foundation
0x0000000004e93000 	/System/Library/Frameworks/AppKit.framework/Versions/C/AppKit
0x0000000004e93000 	/System/Library/Frameworks/CoreData.framework/Versions/A/CoreData
0x0000000004e93000 	/System/Library/PrivateFrameworks/UIFoundation.framework/Versions/A/UIFoundation
0x0000000004e93000 	/System/Library/PrivateFrameworks/RemoteViewServices.framework/Versions/A/RemoteViewServices
0x0000000004e93000 	/System/Library/PrivateFrameworks/XCTTargetBootstrap.framework/Versions/A/XCTTargetBootstrap
0x0000000004e93000 	/System/Library/Frameworks/CoreDisplay.framework/Versions/A/CoreDisplay
0x0000000004e93000 	/System/Library/Frameworks/Metal.framework/Versions/A/Metal
0x0000000004e93000 	/System/Library/PrivateFrameworks/DesktopServicesPriv.framework/Versions/A/DesktopServicesPriv
0x0000000004e93000 	/usr/lib/liblangid.dylib
0x0000000004e93000 	/System/Library/PrivateFrameworks/CoreSVG.framework/Versions/A/CoreSVG
0x0000000004e93000 	/System/Library/PrivateFrameworks/SkyLight.framework/Versions/A/SkyLight
0x0000000004e93000 	/System/Library/Frameworks/CoreGraphics.framework/Versions/A/CoreGraphics
0x0000000004e93000 	/System/Library/Frameworks/Accelerate.framework/Versions/A/Accelerate
0x0000000004e93000 	/usr/lib/libxml2.2.dylib
0x0000000004e93000 	/System/Library/PrivateFrameworks/IconServices.framework/Versions/A/IconServices
0x0000000004e93000 	/System/Library/Frameworks/IOSurface.framework/Versions/A/IOSurface
0x0000000004e93000 	/usr/lib/libDiagnosticMessagesClient.dylib
0x0000000004e93000 	/System/Library/PrivateFrameworks/DFRFoundation.framework/Versions/A/DFRFoundation
0x0000000004e93000 	/usr/lib/libicucore.A.dylib
0x0000000004e93000 	/System/Library/Frameworks/AudioToolbox.framework/Versions/A/AudioToolbox
0x0000000004e93000 	/System/Library/Frameworks/AudioUnit.framework/Versions/A/AudioUnit
0x0000000004e93000 	/usr/lib/libauto.dylib
0x0000000004e93000 	/System/Library/PrivateFrameworks/DataDetectorsCore.framework/Versions/A/DataDetectorsCore
0x0000000004e93000 	/System/Library/Frameworks/Carbon.framework/Versions/A/Frameworks/HIToolbox.framework/Versions/A/HIToolbox
0x0000000004e93000 	/System/Library/Frameworks/QuartzCore.framework/Versions/A/QuartzCore
0x0000000004e93000 	/System/Library/Frameworks/Carbon.framework/Versions/A/Frameworks/SpeechRecognition.framework/Versions/A/SpeechRecognition
0x0000000004e93000 	/System/Library/PrivateFrameworks/CoreUI.framework/Versions/A/CoreUI
0x0000000004e93000 	/System/Library/Frameworks/CoreAudio.framework/Versions/A/CoreAudio
0x0000000004e93000 	/System/Library/Frameworks/DiskArbitration.framework/Versions/A/DiskArbitration
0x0000000004e93000 	/System/Library/PrivateFrameworks/MultitouchSupport.framework/Versions/A/MultitouchSupport
0x0000000004e93000 	/usr/lib/libenergytrace.dylib
0x0000000004e93000 	/System/Library/Frameworks/IOKit.framework/Versions/A/IOKit
0x0000000004e93000 	/System/Library/Frameworks/CoreServices.framework/Versions/A/CoreServices
0x0000000004e93000 	/System/Library/PrivateFrameworks/PerformanceAnalysis.framework/Versions/A/PerformanceAnalysis
0x0000000004e93000 	/System/Library/Frameworks/OpenGL.framework/Versions/A/OpenGL
0x0000000004e93000 	/System/Library/Frameworks/ColorSync.framework/Versions/A/ColorSync
0x0000000004e93000 	/System/Library/Frameworks/CoreImage.framework/Versions/A/CoreImage
0x0000000004e93000 	/System/Library/Frameworks/CoreText.framework/Versions/A/CoreText
0x0000000004e93000 	/System/Library/Frameworks/ImageIO.framework/Versions/A/ImageIO
0x0000000004e93000 	/usr/lib/libc++.1.dylib
0x0000000004e93000 	/usr/lib/libcompression.dylib
0x0000000004e93000 	/usr/lib/libMobileGestalt.dylib
0x0000000004e93000 	/System/Library/PrivateFrameworks/TextureIO.framework/Versions/A/TextureIO
0x0000000004e93000 	/usr/lib/libate.dylib
0x0000000004e93000 	/System/Library/PrivateFrameworks/InternationalSupport.framework/Versions/A/InternationalSupport
0x0000000004e93000 	/usr/lib/system/libcache.dylib
0x0000000004e93000 	/usr/lib/system/libcommonCrypto.dylib
0x0000000004e93000 	/usr/lib/system/libcompiler_rt.dylib
0x0000000004e93000 	/usr/lib/system/libcopyfile.dylib
0x0000000004e93000 	/usr/lib/system/libcorecrypto.dylib
0x0000000004e93000 	/usr/lib/system/libdispatch.dylib
0x0000000004e93000 	/usr/lib/system/libdyld.dylib
0x0000000004e93000 	/usr/lib/system/libkeymgr.dylib
0x0000000004e93000 	/usr/lib/system/liblaunch.dylib
0x0000000004e93000 	/usr/lib/system/libmacho.dylib
0x0000000004e93000 	/usr/lib/system/libquarantine.dylib
0x0000000004e93000 	/usr/lib/system/libremovefile.dylib
0x0000000004e93000 	/usr/lib/system/libsystem_asl.dylib
0x0000000004e93000 	/usr/lib/system/libsystem_blocks.dylib
0x0000000004e93000 	/usr/lib/system/libsystem_c.dylib
0x0000000004e93000 	/usr/lib/system/libsystem_configuration.dylib
0x0000000004e93000 	/usr/lib/system/libsystem_coreservices.dylib
0x0000000004e93000 	/usr/lib/system/libsystem_darwin.dylib
0x0000000004e93000 	/usr/lib/system/libsystem_dnssd.dylib
0x0000000004e93000 	/usr/lib/system/libsystem_featureflags.dylib
0x0000000004e93000 	/usr/lib/system/libsystem_info.dylib
0x0000000004e93000 	/usr/lib/system/libsystem_m.dylib
0x0000000004e93000 	/usr/lib/system/libsystem_malloc.dylib
0x0000000004e93000 	/usr/lib/system/libsystem_networkextension.dylib
0x0000000004e93000 	/usr/lib/system/libsystem_notify.dylib
0x0000000004e93000 	/usr/lib/system/libsystem_sandbox.dylib
0x0000000004e93000 	/usr/lib/system/libsystem_secinit.dylib
0x0000000004e93000 	/usr/lib/system/libsystem_kernel.dylib
0x0000000004e93000 	/usr/lib/system/libsystem_platform.dylib
0x0000000004e93000 	/usr/lib/system/libsystem_pthread.dylib
0x0000000004e93000 	/usr/lib/system/libsystem_symptoms.dylib
0x0000000004e93000 	/usr/lib/system/libsystem_trace.dylib
0x0000000004e93000 	/usr/lib/system/libunwind.dylib
0x0000000004e93000 	/usr/lib/system/libxpc.dylib
0x0000000004e93000 	/usr/lib/libc++abi.dylib
0x0000000004e93000 	/usr/lib/liblzma.5.dylib
0x0000000004e93000 	/usr/lib/libfakelink.dylib
0x0000000004e93000 	/usr/lib/libarchive.2.dylib
0x0000000004e93000 	/System/Library/Frameworks/SystemConfiguration.framework/Versions/A/SystemConfiguration
0x0000000004e93000 	/usr/lib/libCRFSuite.dylib
0x0000000004e93000 	/System/Library/Frameworks/CFNetwork.framework/Versions/A/CFNetwork
0x0000000004e93000 	/usr/lib/libbsm.0.dylib
0x0000000004e93000 	/usr/lib/system/libkxld.dylib
0x0000000004e93000 	/System/Library/PrivateFrameworks/AppleFSCompression.framework/Versions/A/AppleFSCompression
0x0000000004e93000 	/usr/lib/libcoretls.dylib
0x0000000004e93000 	/usr/lib/libcoretls_cfhelpers.dylib
0x0000000004e93000 	/usr/lib/libpam.2.dylib
0x0000000004e93000 	/usr/lib/libsqlite3.dylib
0x0000000004e93000 	/usr/lib/libxar.1.dylib
0x0000000004e93000 	/usr/lib/libbz2.1.0.dylib
0x0000000004e93000 	/usr/lib/libiconv.2.dylib
0x0000000004e93000 	/usr/lib/libcharset.1.dylib
0x0000000004e93000 	/usr/lib/libnetwork.dylib
0x0000000004e93000 	/usr/lib/libpcap.A.dylib
0x0000000004e93000 	/usr/lib/libapple_nghttp2.dylib
0x0000000004e93000 	/System/Library/Frameworks/CoreServices.framework/Versions/A/Frameworks/FSEvents.framework/Versions/A/FSEvents
0x0000000004e93000 	/System/Library/Frameworks/CoreServices.framework/Versions/A/Frameworks/CarbonCore.framework/Versions/A/CarbonCore
0x0000000004e93000 	/System/Library/Frameworks/CoreServices.framework/Versions/A/Frameworks/Metadata.framework/Versions/A/Metadata
0x0000000004e93000 	/System/Library/Frameworks/CoreServices.framework/Versions/A/Frameworks/OSServices.framework/Versions/A/OSServices
0x0000000004e93000 	/System/Library/Frameworks/CoreServices.framework/Versions/A/Frameworks/SearchKit.framework/Versions/A/SearchKit
0x0000000004e93000 	/System/Library/Frameworks/CoreServices.framework/Versions/A/Frameworks/AE.framework/Versions/A/AE
0x0000000004e93000 	/System/Library/Frameworks/CoreServices.framework/Versions/A/Frameworks/LaunchServices.framework/Versions/A/LaunchServices
0x0000000004e93000 	/System/Library/Frameworks/CoreServices.framework/Versions/A/Frameworks/DictionaryServices.framework/Versions/A/DictionaryServices
0x0000000004e93000 	/System/Library/Frameworks/CoreServices.framework/Versions/A/Frameworks/SharedFileList.framework/Versions/A/SharedFileList
0x0000000004e93000 	/System/Library/Frameworks/NetFS.framework/Versions/A/NetFS
0x0000000004e93000 	/System/Library/PrivateFrameworks/NetAuth.framework/Versions/A/NetAuth
0x0000000004e93000 	/System/Library/PrivateFrameworks/login.framework/Versions/A/Frameworks/loginsupport.framework/Versions/A/loginsupport
0x0000000004e93000 	/System/Library/PrivateFrameworks/TCC.framework/Versions/A/TCC
0x0000000004e93000 	/System/Library/PrivateFrameworks/CoreNLP.framework/Versions/A/CoreNLP
0x0000000004e93000 	/System/Library/PrivateFrameworks/MetadataUtilities.framework/Versions/A/MetadataUtilities
0x0000000004e93000 	/usr/lib/libmecabra.dylib
0x0000000004e93000 	/usr/lib/libmecab.dylib
0x0000000004e93000 	/usr/lib/libgermantok.dylib
0x0000000004e93000 	/usr/lib/libThaiTokenizer.dylib
0x0000000004e93000 	/usr/lib/libChineseTokenizer.dylib
0x0000000004e93000 	/System/Library/Frameworks/Accelerate.framework/Versions/A/Frameworks/vImage.framework/Versions/A/vImage
0x0000000004e93000 	/System/Library/Frameworks/Accelerate.framework/Versions/A/Frameworks/vecLib.framework/Versions/A/vecLib
0x0000000004e93000 	/System/Library/Frameworks/Accelerate.framework/Versions/A/Frameworks/vecLib.framework/Versions/A/libvMisc.dylib
0x0000000004e93000 	/System/Library/Frameworks/Accelerate.framework/Versions/A/Frameworks/vecLib.framework/Versions/A/libvDSP.dylib
0x0000000004e93000 	/System/Library/Frameworks/Accelerate.framework/Versions/A/Frameworks/vecLib.framework/Versions/A/libBLAS.dylib
0x0000000004e93000 	/System/Library/Frameworks/Accelerate.framework/Versions/A/Frameworks/vecLib.framework/Versions/A/libLAPACK.dylib
0x0000000004e93000 	/System/Library/Frameworks/Accelerate.framework/Versions/A/Frameworks/vecLib.framework/Versions/A/libLinearAlgebra.dylib
0x0000000004e93000 	/System/Library/Frameworks/Accelerate.framework/Versions/A/Frameworks/vecLib.framework/Versions/A/libSparseBLAS.dylib
0x0000000004e93000 	/System/Library/Frameworks/Accelerate.framework/Versions/A/Frameworks/vecLib.framework/Versions/A/libQuadrature.dylib
0x0000000004e93000 	/System/Library/Frameworks/Accelerate.framework/Versions/A/Frameworks/vecLib.framework/Versions/A/libBNNS.dylib
0x0000000004e93000 	/System/Library/Frameworks/Accelerate.framework/Versions/A/Frameworks/vecLib.framework/Versions/A/libSparse.dylib
0x0000000004e93000 	/System/Library/PrivateFrameworks/LanguageModeling.framework/Versions/A/LanguageModeling
0x0000000004e93000 	/System/Library/PrivateFrameworks/CoreEmoji.framework/Versions/A/CoreEmoji
0x0000000004e93000 	/System/Library/PrivateFrameworks/LinguisticData.framework/Versions/A/LinguisticData
0x0000000004e93000 	/System/Library/PrivateFrameworks/Lexicon.framework/Versions/A/Lexicon
0x0000000004e93000 	/usr/lib/libcmph.dylib
0x0000000004e93000 	/System/Library/Frameworks/OpenDirectory.framework/Versions/A/Frameworks/CFOpenDirectory.framework/Versions/A/CFOpenDirectory
0x0000000004e93000 	/System/Library/Frameworks/OpenDirectory.framework/Versions/A/OpenDirectory
0x0000000004e93000 	/System/Library/PrivateFrameworks/APFS.framework/Versions/A/APFS
0x0000000004e93000 	/System/Library/Frameworks/SecurityFoundation.framework/Versions/A/SecurityFoundation
0x0000000004e93000 	/usr/lib/libutil.dylib
0x0000000004e93000 	/System/Library/PrivateFrameworks/CoreServicesStore.framework/Versions/A/CoreServicesStore
0x0000000004e93000 	/System/Library/Frameworks/ServiceManagement.framework/Versions/A/ServiceManagement
0x0000000004e93000 	/System/Library/PrivateFrameworks/BackgroundTaskManagement.framework/Versions/A/BackgroundTaskManagement
0x0000000004e93000 	/usr/lib/libxslt.1.dylib
0x0000000004e93000 	/System/Library/PrivateFrameworks/AppleSystemInfo.framework/Versions/A/AppleSystemInfo
0x0000000004e93000 	/System/Library/Frameworks/ImageIO.framework/Versions/A/Resources/libJPEG.dylib
0x0000000004e93000 	/System/Library/Frameworks/ImageIO.framework/Versions/A/Resources/libTIFF.dylib
0x0000000004e93000 	/System/Library/Frameworks/ImageIO.framework/Versions/A/Resources/libPng.dylib
0x0000000004e93000 	/System/Library/Frameworks/ImageIO.framework/Versions/A/Resources/libGIF.dylib
0x0000000004e93000 	/System/Library/Frameworks/ImageIO.framework/Versions/A/Resources/libJP2.dylib
0x0000000004e93000 	/System/Library/Frameworks/ImageIO.framework/Versions/A/Resources/libRadiance.dylib
0x0000000004e93000 	/usr/lib/libexpat.1.dylib
0x0000000004e93000 	/System/Library/PrivateFrameworks/AppleJPEG.framework/Versions/A/AppleJPEG
0x0000000004e93000 	/System/Library/PrivateFrameworks/FontServices.framework/libFontParser.dylib
0x0000000004e93000 	/System/Library/PrivateFrameworks/WatchdogClient.framework/Versions/A/WatchdogClient
0x0000000004e93000 	/System/Library/PrivateFrameworks/IOAccelerator.framework/Versions/A/IOAccelerator
0x0000000004e93000 	/System/Library/Frameworks/MetalPerformanceShaders.framework/Versions/A/MetalPerformanceShaders
0x0000000004e93000 	/System/Library/PrivateFrameworks/GPUWrangler.framework/Versions/A/GPUWrangler
0x0000000004e93000 	/System/Library/PrivateFrameworks/IOPresentment.framework/Versions/A/IOPresentment
0x0000000004e93000 	/System/Library/PrivateFrameworks/DSExternalDisplay.framework/Versions/A/DSExternalDisplay
0x0000000004e93000 	/System/Library/Frameworks/OpenGL.framework/Versions/A/Libraries/libCoreFSCache.dylib
0x0000000004e93000 	/System/Library/Frameworks/MetalPerformanceShaders.framework/Frameworks/MPSCore.framework/Versions/A/MPSCore
0x0000000004e93000 	/System/Library/Frameworks/MetalPerformanceShaders.framework/Frameworks/MPSImage.framework/Versions/A/MPSImage
0x0000000004e93000 	/System/Library/Frameworks/MetalPerformanceShaders.framework/Frameworks/MPSNeuralNetwork.framework/Versions/A/MPSNeuralNetwork
0x0000000004e93000 	/System/Library/Frameworks/MetalPerformanceShaders.framework/Frameworks/MPSMatrix.framework/Versions/A/MPSMatrix
0x0000000004e93000 	/System/Library/Frameworks/MetalPerformanceShaders.framework/Frameworks/MPSRayIntersector.framework/Versions/A/MPSRayIntersector
0x0000000004e93000 	/System/Library/Frameworks/MetalPerformanceShaders.framework/Frameworks/MPSNDArray.framework/Versions/A/MPSNDArray
0x0000000004e93000 	/System/Library/PrivateFrameworks/MetalTools.framework/Versions/A/MetalTools
0x0000000004e93000 	/System/Library/PrivateFrameworks/AggregateDictionary.framework/Versions/A/AggregateDictionary
0x0000000004e93000 	/System/Library/PrivateFrameworks/CoreAnalytics.framework/Versions/A/CoreAnalytics
0x0000000004e93000 	/System/Library/PrivateFrameworks/AppleSauce.framework/Versions/A/AppleSauce
0x0000000004e93000 	/usr/lib/libIOReport.dylib
0x0000000004e93000 	/System/Library/Frameworks/CoreVideo.framework/Versions/A/CoreVideo
0x0000000004e93000 	/System/Library/PrivateFrameworks/GraphVisualizer.framework/Versions/A/GraphVisualizer
0x0000000004e93000 	/System/Library/PrivateFrameworks/FaceCore.framework/Versions/A/FaceCore
0x0000000004e93000 	/System/Library/Frameworks/OpenCL.framework/Versions/A/OpenCL
0x0000000004e93000 	/usr/lib/libFosl_dynamic.dylib
0x0000000004e93000 	/System/Library/PrivateFrameworks/OTSVG.framework/Versions/A/OTSVG
0x0000000004e93000 	/System/Library/Frameworks/ApplicationServices.framework/Versions/A/Frameworks/ATS.framework/Versions/A/Resources/libFontRegistry.dylib
0x0000000004e93000 	/System/Library/PrivateFrameworks/FontServices.framework/libhvf.dylib
0x0000000004e93000 	/System/Library/Frameworks/OpenGL.framework/Versions/A/Libraries/libGFXShared.dylib
0x0000000004e93000 	/System/Library/Frameworks/OpenGL.framework/Versions/A/Libraries/libGLU.dylib
0x0000000004e93000 	/System/Library/Frameworks/OpenGL.framework/Versions/A/Libraries/libGL.dylib
0x0000000004e93000 	/System/Library/Frameworks/OpenGL.framework/Versions/A/Libraries/libGLImage.dylib
0x0000000004e93000 	/System/Library/Frameworks/OpenGL.framework/Versions/A/Libraries/libCVMSPluginSupport.dylib
0x0000000004e93000 	/System/Library/Frameworks/OpenGL.framework/Versions/A/Libraries/libCoreVMClient.dylib
0x0000000004e93000 	/usr/lib/libncurses.5.4.dylib
0x0000000004e93000 	/System/Library/Frameworks/ApplicationServices.framework/Versions/A/Frameworks/ATS.framework/Versions/A/ATS
0x0000000004e93000 	/System/Library/Frameworks/ApplicationServices.framework/Versions/A/Frameworks/ColorSyncLegacy.framework/Versions/A/ColorSyncLegacy
0x0000000004e93000 	/System/Library/Frameworks/ApplicationServices.framework/Versions/A/Frameworks/HIServices.framework/Versions/A/HIServices
0x0000000004e93000 	/System/Library/Frameworks/ApplicationServices.framework/Versions/A/Frameworks/LangAnalysis.framework/Versions/A/LangAnalysis
0x0000000004e93000 	/System/Library/Frameworks/ApplicationServices.framework/Versions/A/Frameworks/PrintCore.framework/Versions/A/PrintCore
0x0000000004e93000 	/System/Library/Frameworks/ApplicationServices.framework/Versions/A/Frameworks/QD.framework/Versions/A/QD
0x0000000004e93000 	/System/Library/Frameworks/ApplicationServices.framework/Versions/A/Frameworks/SpeechSynthesis.framework/Versions/A/SpeechSynthesis
0x0000000004e93000 	/System/Library/Frameworks/ApplicationServices.framework/Versions/A/Frameworks/ATSUI.framework/Versions/A/ATSUI
0x0000000004e93000 	/usr/lib/libcups.2.dylib
0x0000000004e93000 	/System/Library/Frameworks/Kerberos.framework/Versions/A/Kerberos
0x0000000004e93000 	/System/Library/Frameworks/GSS.framework/Versions/A/GSS
0x0000000004e93000 	/usr/lib/libresolv.9.dylib
0x0000000004e93000 	/System/Library/PrivateFrameworks/Heimdal.framework/Versions/A/Heimdal
0x0000000004e93000 	/System/Library/Frameworks/Kerberos.framework/Versions/A/Libraries/libHeimdalProxy.dylib
0x0000000004e93000 	/usr/lib/libheimdal-asn1.dylib
0x0000000004e93000 	/System/Library/PrivateFrameworks/CommonAuth.framework/Versions/A/CommonAuth
0x0000000004e93000 	/System/Library/PrivateFrameworks/AssertionServices.framework/Versions/A/AssertionServices
0x0000000004e93000 	/System/Library/PrivateFrameworks/AudioToolboxCore.framework/Versions/A/AudioToolboxCore
0x0000000004e93000 	/System/Library/PrivateFrameworks/caulk.framework/Versions/A/caulk
0x0000000004e93000 	/System/Library/PrivateFrameworks/BaseBoard.framework/Versions/A/BaseBoard
0x0000000004e93000 	/System/Library/PrivateFrameworks/RunningBoardServices.framework/Versions/A/RunningBoardServices
0x0000000004e93000 	/System/Library/PrivateFrameworks/PersistentConnection.framework/Versions/A/PersistentConnection
0x0000000004e93000 	/System/Library/PrivateFrameworks/ProtocolBuffer.framework/Versions/A/ProtocolBuffer
0x0000000004e93000 	/System/Library/PrivateFrameworks/CommonUtilities.framework/Versions/A/CommonUtilities
0x0000000004e93000 	/System/Library/PrivateFrameworks/Bom.framework/Versions/A/Bom
0x0000000004e93000 	/usr/lib/libAudioToolboxUtility.dylib
0x0000000004e93000 	/System/Library/PrivateFrameworks/Backup.framework/Versions/A/Backup
0x0000000004e93000 	/System/Library/PrivateFrameworks/CrashReporterSupport.framework/Versions/A/CrashReporterSupport
0x0000000004e93000 	/System/Library/PrivateFrameworks/Sharing.framework/Versions/A/Sharing
0x0000000004e93000 	/System/Library/PrivateFrameworks/Apple80211.framework/Versions/A/Apple80211
0x0000000004e93000 	/System/Library/PrivateFrameworks/AuthKit.framework/Versions/A/AuthKit
0x0000000004e93000 	/System/Library/PrivateFrameworks/CoreUtils.framework/Versions/A/CoreUtils
0x0000000004e93000 	/System/Library/Frameworks/CoreWLAN.framework/Versions/A/CoreWLAN
0x0000000004e93000 	/System/Library/Frameworks/IOBluetooth.framework/Versions/A/IOBluetooth
0x0000000004e93000 	/System/Library/PrivateFrameworks/MobileKeyBag.framework/Versions/A/MobileKeyBag
0x0000000004e93000 	/System/Library/PrivateFrameworks/CorePhoneNumbers.framework/Versions/A/CorePhoneNumbers
0x0000000004e93000 	/System/Library/PrivateFrameworks/AppleIDAuthSupport.framework/Versions/A/AppleIDAuthSupport
0x0000000004e93000 	/System/Library/Frameworks/Network.framework/Versions/A/Network
0x0000000004e93000 	/System/Library/PrivateFrameworks/KeychainCircle.framework/Versions/A/KeychainCircle
0x0000000004e93000 	/System/Library/Frameworks/CoreBluetooth.framework/Versions/A/CoreBluetooth
0x0000000004e93000 	/System/Library/PrivateFrameworks/SpeechRecognitionCore.framework/Versions/A/SpeechRecognitionCore
0x000000010f400000 	/Library/Java/JavaVirtualMachines/jdk1.8.0_161.jdk/Contents/Home/jre/lib/server/libjvm.dylib
0x0000000004e93000 	/usr/lib/libstdc++.6.dylib
0x000000010e323000 	/Library/Java/JavaVirtualMachines/jdk1.8.0_161.jdk/Contents/Home/jre/lib/libverify.dylib
0x000000010e331000 	/Library/Java/JavaVirtualMachines/jdk1.8.0_161.jdk/Contents/Home/jre/lib/libjava.dylib
0x000000010e368000 	/Library/Java/JavaVirtualMachines/jdk1.8.0_161.jdk/Contents/Home/jre/lib/libjdwp.dylib
0x000000010e3b3000 	/Library/Java/JavaVirtualMachines/jdk1.8.0_161.jdk/Contents/Home/jre/lib/libnpt.dylib
0x000000010e3db000 	/Library/Java/JavaVirtualMachines/jdk1.8.0_161.jdk/Contents/Home/jre/lib/libzip.dylib
0x000000012d107000 	/Library/Java/JavaVirtualMachines/jdk1.8.0_161.jdk/Contents/Home/jre/lib/libdt_socket.dylib
0x000000012d22b000 	/Library/Java/JavaVirtualMachines/jdk1.8.0_161.jdk/Contents/Home/jre/lib/libprism_es2.dylib
0x0000000004e93000 	/System/Library/PrivateFrameworks/CoreServicesInternal.framework/Versions/A/CoreServicesInternal
0x0000000004e93000 	/System/Library/Frameworks/OpenGL.framework/Versions/A/Resources/GLEngine.bundle/GLEngine
0x0000000004e93000 	/System/Library/Frameworks/OpenGL.framework/Versions/A/Libraries/libGLProgrammability.dylib
0x0000000004e93000 	/System/Library/Extensions/AppleIntelKBLGraphicsGLDriver.bundle/Contents/MacOS/AppleIntelKBLGraphicsGLDriver
0x0000000004e93000 	/System/Library/PrivateFrameworks/GPUSupport.framework/Versions/A/Libraries/libGPUSupportMercury.dylib
0x000000012d2dd000 	/System/Library/Extensions/AMDRadeonX4000GLDriver.bundle/Contents/MacOS/AMDRadeonX4000GLDriver
0x0000000004e93000 	/System/Library/Extensions/AMDRadeonX4000GLDriver.bundle/Contents/MacOS/ATIRadeonX4000SCLib.dylib
0x0000000004e93000 	/System/Library/Extensions/AMDShared.bundle/Contents/PlugIns/libSC.dylib
0x0000000004e93000 	/System/Library/Frameworks/OpenGL.framework/Versions/A/Resources/GLRendererFloat.bundle/GLRendererFloat
0x0000000004e93000 	/System/Library/Frameworks/OpenCL.framework/Versions/A/Libraries/libcldcpuengine.dylib
0x0000000004e93000 	/usr/lib/libcrypto.35.dylib
0x0000000004e93000 	/System/Library/PrivateFrameworks/TrustEvaluationAgent.framework/Versions/A/TrustEvaluationAgent
0x000000012d49f000 	/Library/Java/JavaVirtualMachines/jdk1.8.0_161.jdk/Contents/Home/jre/lib/libglass.dylib
0x0000000004e93000 	/System/Library/Frameworks/FileProvider.framework/Versions/A/FileProvider
0x0000000004e93000 	/System/Library/Frameworks/Accounts.framework/Versions/A/Accounts
0x0000000004e93000 	/System/Library/PrivateFrameworks/GenerationalStorage.framework/Versions/A/GenerationalStorage
0x0000000004e93000 	/System/Library/PrivateFrameworks/CoreSymbolication.framework/Versions/A/CoreSymbolication
0x0000000004e93000 	/System/Library/PrivateFrameworks/SymptomDiagnosticReporter.framework/Versions/A/SymptomDiagnosticReporter
0x0000000004e93000 	/System/Library/PrivateFrameworks/AppContainer.framework/Versions/A/AppContainer
0x0000000004e93000 	/usr/lib/libsandbox.1.dylib
0x0000000004e93000 	/System/Library/PrivateFrameworks/UserManagement.framework/Versions/A/UserManagement
0x0000000004e93000 	/System/Library/PrivateFrameworks/ChunkingLibrary.framework/Versions/A/ChunkingLibrary
0x0000000004e93000 	/System/Library/PrivateFrameworks/DebugSymbols.framework/Versions/A/DebugSymbols
0x0000000004e93000 	/System/Library/PrivateFrameworks/AppSandbox.framework/Versions/A/AppSandbox
0x0000000004e93000 	/System/Library/PrivateFrameworks/SecCodeWrapper.framework/Versions/A/SecCodeWrapper
0x0000000004e93000 	/usr/lib/libMatch.1.dylib
0x0000000004e93000 	/System/Library/CoreServices/RawCamera.bundle/Contents/MacOS/RawCamera
0x0000000004e93000 	/System/Library/PrivateFrameworks/MobileAsset.framework/Versions/A/MobileAsset
0x0000000004e93000 	/System/Library/PrivateFrameworks/StreamingZip.framework/Versions/A/StreamingZip
0x0000000004e93000 	/System/Library/Frameworks/MediaToolbox.framework/Versions/A/MediaToolbox
0x0000000004e93000 	/System/Library/PrivateFrameworks/CoreAVCHD.framework/Versions/A/CoreAVCHD
0x0000000004e93000 	/System/Library/Frameworks/MediaAccessibility.framework/Versions/A/MediaAccessibility
0x0000000004e93000 	/System/Library/PrivateFrameworks/Mangrove.framework/Versions/A/Mangrove
0x0000000004e93000 	/System/Library/Frameworks/CoreMedia.framework/Versions/A/CoreMedia
0x0000000004e93000 	/System/Library/PrivateFrameworks/MediaExperience.framework/Versions/A/MediaExperience
0x0000000004e93000 	/System/Library/Frameworks/VideoToolbox.framework/Versions/A/VideoToolbox
0x0000000004e93000 	/System/Library/PrivateFrameworks/CoreAUC.framework/Versions/A/CoreAUC
0x0000000004e93000 	/usr/lib/libspindump.dylib
0x0000000004e93000 	/System/Library/PrivateFrameworks/AudioResourceArbitration.framework/Versions/A/AudioResourceArbitration
0x0000000004e93000 	/System/Library/PrivateFrameworks/AppleVA.framework/Versions/A/AppleVA
0x0000000004e93000 	/System/Library/Frameworks/Accelerate.framework/Versions/A/Frameworks/vImage.framework/Versions/A/Libraries/libCGInterfaces.dylib
0x000000012eded000 	/usr/lib/libobjc-trampolines.dylib
0x0000000004e93000 	/System/Library/PrivateFrameworks/FamilyControls.framework/Versions/A/FamilyControls
0x0000000004e93000 	/System/Library/PrivateFrameworks/CommerceKit.framework/Versions/A/Frameworks/CommerceCore.framework/Versions/A/CommerceCore
0x0000000004e93000 	/System/Library/PrivateFrameworks/SystemAdministration.framework/Versions/A/SystemAdministration
0x0000000004e93000 	/System/Library/PrivateFrameworks/DiskManagement.framework/Versions/A/DiskManagement
0x0000000004e93000 	/System/Library/Frameworks/DirectoryService.framework/Versions/A/DirectoryService
0x0000000004e93000 	/System/Library/PrivateFrameworks/DiskImages.framework/Versions/A/DiskImages
0x0000000004e93000 	/System/Library/PrivateFrameworks/LoginUIKit.framework/Versions/A/Frameworks/LoginUICore.framework/Versions/A/LoginUICore
0x0000000004e93000 	/usr/lib/libCoreStorage.dylib
0x0000000004e93000 	/usr/lib/libcsfde.dylib
0x0000000004e93000 	/usr/lib/libodfde.dylib
0x0000000004e93000 	/System/Library/PrivateFrameworks/MediaKit.framework/Versions/A/MediaKit
0x0000000004e93000 	/System/Library/Frameworks/DiscRecording.framework/Versions/A/DiscRecording
0x0000000004e93000 	/System/Library/PrivateFrameworks/EFILogin.framework/Versions/A/EFILogin
0x0000000004e93000 	/System/Library/PrivateFrameworks/ProtectedCloudStorage.framework/Versions/A/ProtectedCloudStorage
0x0000000004e93000 	/usr/lib/libcurl.4.dylib
0x0000000004e93000 	/usr/lib/libcrypto.44.dylib
0x0000000004e93000 	/usr/lib/libssl.46.dylib
0x0000000004e93000 	/System/Library/Frameworks/LDAP.framework/Versions/A/LDAP
0x0000000004e93000 	/usr/lib/libsasl2.2.dylib
0x0000000004e93000 	/System/Library/PrivateFrameworks/CoreDaemon.framework/Versions/B/CoreDaemon
0x0000000004e93000 	/System/Library/PrivateFrameworks/AppleSRP.framework/Versions/A/AppleSRP
0x0000000004e93000 	/System/Library/PrivateFrameworks/ViewBridge.framework/Versions/A/ViewBridge
0x0000000004e93000 	/System/Library/PrivateFrameworks/login.framework/Versions/A/login
0x0000000004e93000 	/System/Library/PrivateFrameworks/FontServices.framework/libTrueTypeScaler.dylib
0x0000000004e93000 	/System/Library/Extensions/AMDMTLBronzeDriver.bundle/Contents/MacOS/AMDMTLBronzeDriver
0x0000000004e93000 	/System/Library/PrivateFrameworks/IOAccelMemoryInfo.framework/Versions/A/IOAccelMemoryInfo
0x0000000004e93000 	/System/Library/Extensions/AppleIntelKBLGraphicsMTLDriver.bundle/Contents/MacOS/AppleIntelKBLGraphicsMTLDriver
0x0000000004e93000 	/System/Library/PrivateFrameworks/GPUCompiler.framework/Versions/3902/Libraries/libmetal_timestamp.dylib
0x000000012ec83000 	/Library/Java/JavaVirtualMachines/jdk1.8.0_161.jdk/Contents/Home/jre/lib/libjavafx_font.dylib
0x0000000004e93000 	/System/Library/PrivateFrameworks/HDRProcessing.framework/Versions/A/HDRProcessing
0x00000001314d7000 	/Library/Java/JavaVirtualMachines/jdk1.8.0_161.jdk/Contents/Home/jre/lib/libprism_common.dylib
0x0000000131b58000 	/Library/Java/JavaVirtualMachines/jdk1.8.0_161.jdk/Contents/Home/jre/lib/libawt.dylib
0x00000001336a7000 	/Library/Java/JavaVirtualMachines/jdk1.8.0_161.jdk/Contents/Home/jre/lib/libmlib_image.dylib
0x0000000004e93000 	/System/Library/Frameworks/JavaVM.framework/Versions/A/Frameworks/JavaNativeFoundation.framework/Versions/A/JavaNativeFoundation
0x0000000004e93000 	/System/Library/Frameworks/JavaVM.framework/Versions/A/Frameworks/JavaRuntimeSupport.framework/Versions/A/JavaRuntimeSupport
0x0000000004e93000 	/System/Library/Frameworks/JavaVM.framework/Versions/A/JavaVM
0x0000000004e93000 	/System/Library/PrivateFrameworks/JavaLaunching.framework/Versions/A/JavaLaunching
0x0000000004e93000 	/System/Library/Frameworks/Carbon.framework/Versions/A/Carbon
0x0000000004e93000 	/System/Library/Frameworks/Carbon.framework/Versions/A/Frameworks/CommonPanels.framework/Versions/A/CommonPanels
0x0000000004e93000 	/System/Library/Frameworks/Carbon.framework/Versions/A/Frameworks/Help.framework/Versions/A/Help
0x0000000004e93000 	/System/Library/Frameworks/Carbon.framework/Versions/A/Frameworks/ImageCapture.framework/Versions/A/ImageCapture
0x0000000004e93000 	/System/Library/Frameworks/Carbon.framework/Versions/A/Frameworks/OpenScripting.framework/Versions/A/OpenScripting
0x0000000004e93000 	/System/Library/Frameworks/Carbon.framework/Versions/A/Frameworks/Ink.framework/Versions/A/Ink
0x0000000004e93000 	/System/Library/Frameworks/Carbon.framework/Versions/A/Frameworks/Print.framework/Versions/A/Print
0x0000000004e93000 	/System/Library/Frameworks/Carbon.framework/Versions/A/Frameworks/SecurityHI.framework/Versions/A/SecurityHI
0x0000000133773000 	/Library/Java/JavaVirtualMachines/jdk1.8.0_161.jdk/Contents/Home/jre/lib/libawt_lwawt.dylib
0x0000000131f48000 	/Library/Java/JavaVirtualMachines/jdk1.8.0_161.jdk/Contents/Home/jre/lib/libosxapp.dylib
0x0000000004e93000 	/System/Library/Frameworks/ExceptionHandling.framework/Versions/A/ExceptionHandling
0x0000000133a2d000 	/Library/Java/JavaVirtualMachines/jdk1.8.0_161.jdk/Contents/Home/jre/lib/libfontmanager.dylib
0x000000012ff8b000 	/Library/Java/JavaVirtualMachines/jdk1.8.0_161.jdk/Contents/Home/jre/lib/libosxui.dylib
0x00000001343e1000 	/Library/Java/JavaVirtualMachines/jdk1.8.0_161.jdk/Contents/Home/jre/lib/libnet.dylib
0x0000000131f27000 	/Library/Java/JavaVirtualMachines/jdk1.8.0_161.jdk/Contents/Home/jre/lib/libnio.dylib

VM Arguments:
jvm_args: -agentlib:jdwp=transport=dt_socket,server=n,suspend=y,address=localhost:58070 -Dfile.encoding=UTF-8 
java_command: Assignment8.RaceTrack
java_class_path (initial): /var/folders/kb/5hwvts7j31xb7g3jtfzc3nd40000gn/T/cp_9lbhpgqusikfzssq54yqxgl08.jar
Launcher Type: SUN_STANDARD

Environment Variables:
PATH=/anaconda3/bin:/usr/local/bin:/usr/bin:/bin:/usr/sbin:/sbin:/Applications/VMware Fusion.app/Contents/Public:/Library/TeX/texbin:/Applications/Wireshark.app/Contents/MacOS:/anaconda3/bin
SHELL=/bin/bash

Signal Handlers:
SIGSEGV: [libjvm.dylib+0x5b5439], sa_mask[0]=11111111011111110111111111111111, sa_flags=SA_ONSTACK|SA_RESTART|SA_SIGINFO
SIGBUS: [libjvm.dylib+0x5b5439], sa_mask[0]=11111111011111110111111111111111, sa_flags=SA_RESTART|SA_SIGINFO
SIGFPE: [libjvm.dylib+0x48ae24], sa_mask[0]=11111111011111110111111111111111, sa_flags=SA_RESTART|SA_SIGINFO
SIGPIPE: [libjvm.dylib+0x48ae24], sa_mask[0]=11111111011111110111111111111111, sa_flags=SA_RESTART|SA_SIGINFO
SIGXFSZ: [libjvm.dylib+0x48ae24], sa_mask[0]=11111111011111110111111111111111, sa_flags=SA_RESTART|SA_SIGINFO
SIGILL: [libjvm.dylib+0x48ae24], sa_mask[0]=11111111011111110111111111111111, sa_flags=SA_RESTART|SA_SIGINFO
SIGUSR1: SIG_DFL, sa_mask[0]=11011111011111100000000111000110, sa_flags=none
SIGUSR2: [libjvm.dylib+0x48a942], sa_mask[0]=00000000000000000000000000000000, sa_flags=SA_RESTART|SA_SIGINFO
SIGHUP: [libjvm.dylib+0x488f0d], sa_mask[0]=11111111011111110111111111111111, sa_flags=SA_RESTART|SA_SIGINFO
SIGINT: [libjvm.dylib+0x488f0d], sa_mask[0]=11111111011111110111111111111111, sa_flags=SA_RESTART|SA_SIGINFO
SIGTERM: [libjvm.dylib+0x488f0d], sa_mask[0]=11111111011111110111111111111111, sa_flags=SA_RESTART|SA_SIGINFO
SIGQUIT: [libjvm.dylib+0x488f0d], sa_mask[0]=11111111011111110111111111111111, sa_flags=SA_RESTART|SA_SIGINFO


---------------  S Y S T E M  ---------------

OS:Bsduname:Darwin 19.0.0 Darwin Kernel Version 19.0.0: Thu Oct 17 16:17:15 PDT 2019; root:xnu-6153.41.3~29/RELEASE_X86_64 x86_64
rlimit: STACK 8192k, CORE 0k, NPROC 2784, NOFILE 10240, AS infinity
load average:2.31 2.13 1.96

CPU:total 8 (initial active 8) (4 cores per cpu, 2 threads per core) family 6 model 158 stepping 9, cmov, cx8, fxsr, mmx, sse, sse2, sse3, ssse3, sse4.1, sse4.2, popcnt, avx, avx2, aes, clmul, erms, rtm, 3dnowpref, lzcnt, ht, tsc, tscinvbit, bmi1, bmi2, adx

Memory: 4k page, physical 16777216k(1370876k free)

/proc/meminfo:


vm_info: Java HotSpot(TM) 64-Bit Server VM (25.161-b12) for bsd-amd64 JRE (1.8.0_161-b12), built on Dec 19 2017 16:22:20 by "java_re" with gcc 4.2.1 (Based on Apple Inc. build 5658) (LLVM build 2336.11.00)

time: Sun Dec  1 22:35:04 2019
elapsed time: 24 seconds (0d 0h 0m 24s)

